<?xml version="1.0" encoding="UTF-8"?>
<testsuite xmlns:xsi="http://www.w3.org/2001/XMLSchema-instance" xsi:noNamespaceSchemaLocation="https://maven.apache.org/surefire/maven-surefire-plugin/xsd/surefire-test-report.xsd" name="UserCreateTest" time="4.668" tests="5" errors="0" skipped="0" failures="0">
  <properties>
[...]
</properties>
  <testcase name="createUserWithMissingName" classname="UserCreateTest" time="0.89"/>
  <testcase name="createNewUser" classname="UserCreateTest" time="0.982"/>
  <testcase name="createUserWithMissingPassword" classname="UserCreateTest" time="0.837"/>
  <testcase name="createDuplicateUser" classname="UserCreateTest" time="0.932"/>
  <testcase name="createUserWithMissingEmail" classname="UserCreateTest" time="1.023"/>
</testsuite>